<?xml version="1.0" encoding="UTF-8"?>
<!-- Generated by org.testng.reporters.JUnitXMLReporter -->
<testsuite ignored="2" hostname="DESKTOP-S427SE2" failures="0" tests="1" name="Default test" time="21.867" errors="0" timestamp="2024-10-24T17:21:21 IST">
  <testcase classname="test.UserCreationTest" name="tagToggleEdit" time="12.854"/>
  <testcase classname="test.BrowserConfiguration" name="@AfterTest close" time="0.0">
    <ignored/>
  </testcase> <!-- @AfterTest close -->
  <testcase classname="test.BrowserConfiguration" name="@BeforeTest initsetup" time="0.0">
    <ignored/>
  </testcase> <!-- @BeforeTest initsetup -->
</testsuite> <!-- Default test -->
