<?xml version="1.0" encoding="UTF-8"?>
<!-- Generated by org.testng.reporters.JUnitXMLReporter -->
<testsuite ignored="2" hostname="DESKTOP-S427SE2" failures="0" tests="1" name="Default test" time="13.661" errors="0" timestamp="2024-10-24T21:58:22 IST">
  <testcase classname="test.BitGOAssessment" name="tagToggleEdit" time="9.231"/>
  <testcase classname="test.BrowserConfiguration" name="@BeforeTest initsetup" time="0.0">
    <ignored/>
  </testcase> <!-- @BeforeTest initsetup -->
  <testcase classname="test.BrowserConfiguration" name="@AfterTest close" time="0.0">
    <ignored/>
  </testcase> <!-- @AfterTest close -->
</testsuite> <!-- Default test -->
