<?xml version="1.0" encoding="UTF-8"?>
<testng-results ignored="0" total="1" passed="1" failed="0" skipped="0">
  <reporter-output>
  </reporter-output>
  <suite started-at="2024-10-24T17:20:59 IST" name="Default suite" finished-at="2024-10-24T17:21:21 IST" duration-ms="21867">
    <groups>
    </groups>
    <test started-at="2024-10-24T17:20:59 IST" name="Default test" finished-at="2024-10-24T17:21:21 IST" duration-ms="21867">
      <class name="test.BrowserConfiguration">
        <test-method is-config="true" signature="initsetup()[pri:0, instance:test.BrowserConfiguration@1573f9fc]" started-at="2024-10-24T17:20:59 IST" name="initsetup" finished-at="2024-10-24T17:21:08 IST" duration-ms="8938" status="PASS">
          <reporter-output>
          </reporter-output>
        </test-method> <!-- initsetup -->
        <test-method is-config="true" signature="close()[pri:0, instance:test.BrowserConfiguration@1573f9fc]" started-at="2024-10-24T17:21:21 IST" name="close" finished-at="2024-10-24T17:21:21 IST" duration-ms="0" status="PASS">
          <reporter-output>
          </reporter-output>
        </test-method> <!-- close -->
      </class> <!-- test.BrowserConfiguration -->
      <class name="test.UserCreationTest">
        <test-method is-config="true" signature="setDriver(org.testng.ITestContext)[pri:0, instance:test.UserCreationTest@6f03482]" started-at="2024-10-24T17:21:08 IST" name="setDriver" finished-at="2024-10-24T17:21:08 IST" duration-ms="3" status="PASS">
          <params>
            <param index="0">
              <value>
                <![CDATA[org.testng.TestRunner@320494b6]]>
              </value>
            </param>
          </params>
          <reporter-output>
          </reporter-output>
        </test-method> <!-- setDriver -->
        <test-method signature="tagToggleEdit()[pri:0, instance:test.UserCreationTest@6f03482]" started-at="2024-10-24T17:21:08 IST" name="tagToggleEdit" finished-at="2024-10-24T17:21:21 IST" duration-ms="12854" status="PASS">
          <reporter-output>
          </reporter-output>
        </test-method> <!-- tagToggleEdit -->
      </class> <!-- test.UserCreationTest -->
    </test> <!-- Default test -->
  </suite> <!-- Default suite -->
</testng-results>
