<?xml version="1.0" encoding="UTF-8"?>
<testng-results ignored="0" total="1" passed="1" failed="0" skipped="0">
  <reporter-output>
  </reporter-output>
  <suite started-at="2024-10-24T21:58:08 IST" name="Default suite" finished-at="2024-10-24T21:58:22 IST" duration-ms="13661">
    <groups>
    </groups>
    <test started-at="2024-10-24T21:58:08 IST" name="Default test" finished-at="2024-10-24T21:58:22 IST" duration-ms="13661">
      <class name="test.BrowserConfiguration">
        <test-method is-config="true" signature="initsetup()[pri:0, instance:test.BrowserConfiguration@54d9d12d]" started-at="2024-10-24T21:58:08 IST" name="initsetup" finished-at="2024-10-24T21:58:13 IST" duration-ms="4326" status="PASS">
          <reporter-output>
          </reporter-output>
        </test-method> <!-- initsetup -->
        <test-method is-config="true" signature="close()[pri:0, instance:test.BrowserConfiguration@54d9d12d]" started-at="2024-10-24T21:58:22 IST" name="close" finished-at="2024-10-24T21:58:22 IST" duration-ms="0" status="PASS">
          <reporter-output>
          </reporter-output>
        </test-method> <!-- close -->
      </class> <!-- test.BrowserConfiguration -->
      <class name="test.BitGOAssessment">
        <test-method is-config="true" signature="setDriver(org.testng.ITestContext)[pri:0, instance:test.BitGOAssessment@385c9627]" started-at="2024-10-24T21:58:13 IST" name="setDriver" finished-at="2024-10-24T21:58:13 IST" duration-ms="7" status="PASS">
          <params>
            <param index="0">
              <value>
                <![CDATA[org.testng.TestRunner@771db12c]]>
              </value>
            </param>
          </params>
          <reporter-output>
          </reporter-output>
        </test-method> <!-- setDriver -->
        <test-method signature="tagToggleEdit()[pri:0, instance:test.BitGOAssessment@385c9627]" started-at="2024-10-24T21:58:13 IST" name="tagToggleEdit" finished-at="2024-10-24T21:58:22 IST" duration-ms="9231" status="PASS">
          <reporter-output>
          </reporter-output>
        </test-method> <!-- tagToggleEdit -->
      </class> <!-- test.BitGOAssessment -->
    </test> <!-- Default test -->
  </suite> <!-- Default suite -->
</testng-results>
